<?xml version="1.0" encoding="UTF-8"?>
<!-- Generated by org.testng.reporters.JUnitReportReporter -->
<testsuite skipped="0" hostname="GEPPARLA-IN" name="eg.api.restassured.DemoQA_API" tests="3" failures="0" timestamp="16 Nov 2019 15:34:48 GMT" time="4.194" errors="0">
  <testcase name="responseValidation" time="2.385" classname="eg.api.restassured.DemoQA_API"/>
  <testcase name="responseValidation2" time="1.210" classname="eg.api.restassured.DemoQA_API"/>
  <testcase name="responseValidation3" time="0.599" classname="eg.api.restassured.DemoQA_API"/>
</testsuite> <!-- eg.api.restassured.DemoQA_API -->
