<?xml version="1.0" encoding="UTF-8"?>
<!-- Generated by org.testng.reporters.JUnitReportReporter -->
<testsuite skipped="0" hostname="GEPPARLA-IN" name="eg.api.restassured.ReqResDemoAPI" tests="4" failures="0" timestamp="16 Nov 2019 14:21:53 GMT" time="2.838" errors="0">
  <testcase name="getRequestMethod2" time="1.567" classname="eg.api.restassured.ReqResDemoAPI"/>
  <testcase name="postMethod1" time="0.889" classname="eg.api.restassured.ReqResDemoAPI"/>
  <testcase name="postPrintAllHeaders" time="0.267" classname="eg.api.restassured.ReqResDemoAPI"/>
  <testcase name="getRequestMethod3" time="0.115" classname="eg.api.restassured.ReqResDemoAPI"/>
</testsuite> <!-- eg.api.restassured.ReqResDemoAPI -->
